[23:55:04] [Server thread/INFO]: Starting minecraft server version 1.12.2
[23:55:04] [Server thread/INFO]: Loading properties
[23:55:04] [Server thread/INFO]: Default game type: SURVIVAL
[23:55:04] [Server thread/INFO]: Generating keypair
[23:55:05] [Server thread/INFO]: Starting Minecraft server on *:25565
[23:55:05] [Server thread/INFO]: Using default channel type
[23:55:06] [Server thread/INFO]: Preparing level "world"
[23:55:12] [Server thread/INFO]: Loaded 488 advancements
[23:55:16] [Server thread/INFO]: Preparing start region for level 0
[23:55:17] [Server thread/INFO]: Preparing spawn area: 0%
[23:55:18] [Server thread/INFO]: Preparing spawn area: 1%
[23:55:20] [Server thread/INFO]: Preparing spawn area: 2%
[23:55:22] [Server thread/INFO]: Preparing spawn area: 4%
[23:55:23] [Server thread/INFO]: Preparing spawn area: 4%
[23:55:24] [Server thread/INFO]: Preparing spawn area: 5%
[23:55:25] [Server thread/INFO]: Preparing spawn area: 6%
[23:55:27] [Server thread/INFO]: Preparing spawn area: 7%
[23:55:28] [Server thread/INFO]: Preparing spawn area: 8%
[23:55:29] [Server thread/INFO]: Preparing spawn area: 8%
[23:55:30] [Server thread/INFO]: Preparing spawn area: 9%
[23:55:31] [Server thread/INFO]: Preparing spawn area: 10%
[23:55:33] [Server thread/INFO]: Preparing spawn area: 10%
[23:55:34] [Server thread/INFO]: Preparing spawn area: 11%
[23:55:36] [Server thread/INFO]: Preparing spawn area: 12%
[23:55:37] [Server thread/INFO]: Preparing spawn area: 14%
[23:55:38] [Server thread/INFO]: Preparing spawn area: 15%
[23:55:39] [Server thread/INFO]: Preparing spawn area: 18%
[23:55:40] [Server thread/INFO]: Preparing spawn area: 21%
[23:55:41] [Server thread/INFO]: Preparing spawn area: 22%
[23:55:43] [Server thread/INFO]: Preparing spawn area: 23%
[23:55:44] [Server thread/INFO]: Preparing spawn area: 26%
[23:55:45] [Server thread/INFO]: Preparing spawn area: 27%
[23:55:46] [Server thread/INFO]: Preparing spawn area: 27%
[23:55:48] [Server thread/INFO]: Preparing spawn area: 29%
[23:55:49] [Server thread/INFO]: Preparing spawn area: 31%
[23:55:50] [Server thread/INFO]: Preparing spawn area: 34%
[23:55:51] [Server thread/INFO]: Preparing spawn area: 37%
[23:55:52] [Server thread/INFO]: Preparing spawn area: 40%
[23:55:53] [Server thread/INFO]: Preparing spawn area: 41%
[23:55:54] [Server thread/INFO]: Preparing spawn area: 43%
[23:55:55] [Server thread/INFO]: Preparing spawn area: 46%
[23:55:56] [Server thread/INFO]: Preparing spawn area: 49%
[23:55:57] [Server thread/INFO]: Preparing spawn area: 52%
[23:55:58] [Server thread/INFO]: Preparing spawn area: 55%
[23:55:59] [Server thread/INFO]: Preparing spawn area: 59%
[23:56:00] [Server thread/INFO]: Preparing spawn area: 62%
[23:56:01] [Server thread/INFO]: Preparing spawn area: 65%
[23:56:02] [Server thread/INFO]: Preparing spawn area: 68%
[23:56:03] [Server thread/INFO]: Preparing spawn area: 71%
[23:56:04] [Server thread/INFO]: Preparing spawn area: 75%
[23:56:05] [Server thread/INFO]: Preparing spawn area: 77%
[23:56:06] [Server thread/INFO]: Preparing spawn area: 81%
[23:56:08] [Server thread/INFO]: Preparing spawn area: 85%
[23:56:09] [Server thread/INFO]: Preparing spawn area: 89%
[23:56:10] [Server thread/INFO]: Preparing spawn area: 93%
[23:56:11] [Server thread/INFO]: Preparing spawn area: 95%
[23:56:12] [Server thread/INFO]: Preparing spawn area: 98%
[23:56:13] [Server thread/INFO]: Preparing spawn area: 99%
[23:56:14] [Server thread/INFO]: Done (67,891s)! For help, type "help" or "?"
[23:56:24] [Server thread/WARN]: Can't keep up! Did the system time change, or is the server overloaded? Running 9415ms behind, skipping 188 tick(s)
[23:57:13] [Server thread/WARN]: Can't keep up! Did the system time change, or is the server overloaded? Running 4490ms behind, skipping 89 tick(s)
[23:58:39] [Server thread/WARN]: Can't keep up! Did the system time change, or is the server overloaded? Running 3782ms behind, skipping 75 tick(s)
[23:59:41] [Server thread/WARN]: Can't keep up! Did the system time change, or is the server overloaded? Running 3822ms behind, skipping 76 tick(s)
